<?xml version="1.0" encoding="UTF-8"?>
<!-- Generated by org.testng.reporters.JUnitReportReporter -->
<testsuite skipped="0" hostname="LL-B8HT95J" name="testScripts.TC_002_Lensway_ValidLoginVerification" tests="1" failures="0" timestamp="16 jan 2018 08:05:55 GMT" time="0.380" errors="0">
  <testcase name="loginValidation" time="0.380" classname="testScripts.TC_002_Lensway_ValidLoginVerification"/>
</testsuite> <!-- testScripts.TC_002_Lensway_ValidLoginVerification -->
