<?xml version="1.0" encoding="UTF-8"?>
<!-- Generated by org.testng.reporters.JUnitReportReporter -->
<testsuite skipped="0" hostname="LL-B8HT95J" name="testScripts.TC_005_Lensway_PurchaseLenses_Sweden" tests="1" failures="0" timestamp="16 jan 2018 08:05:55 GMT" time="11.748" errors="0">
  <testcase name="lensValidation" time="11.748" classname="testScripts.TC_005_Lensway_PurchaseLenses_Sweden"/>
</testsuite> <!-- testScripts.TC_005_Lensway_PurchaseLenses_Sweden -->
